 ## Time[ps] Ntype1  Ntype2  Etot[eV]  Ekin[eV]  <Edelta>  <Etot>  <T[K]>
     1.0000  146    1     -496.09506       9.71431        2.34078    -496.90127     519.10156
     2.0000  146    1     -495.50479      11.11100        2.36259    -496.29370     531.79157
     3.0000  146    1     -495.70641      10.03683        2.39023    -495.52395     548.68527
     4.0000  146    1     -495.99132      11.28763        2.37426    -495.96884     545.81712
     5.0000  146    1     -495.70987      12.26455        2.38105    -495.77963     589.33428
     6.0000  146    1     -494.26309      12.43887        2.41063    -494.95580     667.80830
     7.0000  146    1     -494.42570      12.82670        2.42060    -494.67798     645.44143
     8.0000  146    1     -494.62328      11.54058        2.42753    -494.48504     634.22354
     9.0000  146    1     -495.28335      12.51999        2.41585    -494.81031     640.57665
    10.0000  146    1     -494.68846      12.57055        2.41455    -494.84651     652.40487
    11.0000  146    1     -495.18125      10.58176        2.40284    -495.17281     628.78919
    12.0000  146    1     -495.47387      11.98004        2.38547    -495.65663     646.12581
    13.0000  146    1     -495.95782      12.17290        2.38588    -495.64525     637.57319
    14.0000  146    1     -496.64374      11.09448        2.36246    -496.29733     626.99598
    15.0000  146    1     -495.82515      12.41971        2.37082    -496.06470     614.95033
    16.0000  146    1     -495.66718      11.91238        2.37965    -495.81879     620.22898
    17.0000  146    1     -495.93371      11.57394        2.37271    -496.01191     639.56320
    18.0000  146    1     -497.22485      11.42020        2.35019    -496.63908     601.21537
    19.0000  146    1     -498.30901      10.53046        2.29773    -498.10036     586.25779
    20.0000  146    1     -498.11042      10.61641        2.29863    -498.07521     585.11037
    21.0000  146    1     -496.79640      11.84857        2.32106    -497.45071     593.75471
    22.0000  146    1     -496.38789      11.88992        2.35405    -496.53168     606.80792
    23.0000  146    1     -496.26482      11.70478        2.36310    -496.27968     624.24858
    24.0000  146    1     -495.73141      11.51761        2.36658    -496.18278     622.53335
    25.0000  146    1     -495.84886      11.95847        2.38070    -495.78946     624.23516
    26.0000  146    1     -496.54309      12.92778        2.35524    -496.49856     626.97090
    27.0000  146    1     -496.20447      11.79588        2.35046    -496.63169     605.49639
    28.0000  146    1     -496.84092      10.82650        2.35123    -496.61021     606.47444
    29.0000  146    1     -498.44113      11.62911        2.30649    -497.85655     592.10555
    30.0000  146    1     -498.43042      12.02512        2.28486    -498.45900     579.54539
    31.0000  146    1     -498.72365       9.90320        2.29317    -498.22739     582.12598
    32.0000  146    1     -498.13053      10.93906        2.28641    -498.41580     563.48191
    33.0000  146    1     -497.53236      11.04173        2.30114    -498.00549     590.23311
    34.0000  146    1     -497.07298      11.16355        2.31241    -497.69148     588.53321
    35.0000  146    1     -495.49869      12.10999        2.35486    -496.50914     597.85068
    36.0000  146    1     -496.51690       9.94075        2.36341    -496.27098     602.11311
    37.0000  146    1     -496.21430      11.30158        2.35040    -496.63346     587.40193
    38.0000  146    1     -495.30182      11.41242        2.38519    -495.66423     620.34100
    39.0000  146    1     -495.54381      11.68552        2.39272    -495.45461     635.61150
    40.0000  146    1     -495.63688      11.58981        2.38108    -495.77884     615.36231
    41.0000  146    1     -497.36211      10.90646        2.35478    -496.51130     615.39811
    42.0000  146    1     -497.54242      12.23354        2.31515    -497.61519     599.88347
    43.0000  146    1     -496.84196      10.92966        2.34747    -496.71510     625.67368
    44.0000  146    1     -496.15151      12.15894        2.35629    -496.46917     635.95610
    45.0000  146    1     -496.41381      10.99391        2.37549    -495.93448     629.79511
    46.0000  146    1     -496.72778      12.31076        2.34607    -496.75407     619.85241
    47.0000  146    1     -496.10504      12.00003        2.34881    -496.67763     637.60513
    48.0000  146    1     -497.11317      11.10498        2.34377    -496.81795     624.93431
    49.0000  146    1     -496.33134      12.62814        2.33355    -497.10263     617.06182
    50.0000  146    1     -496.76339      12.79146        2.35298    -496.56152     622.26799
    51.0000  146    1     -497.30024      11.05566        2.32846    -497.24457     619.66292
    52.0000  146    1     -497.71961      10.41154        2.31469    -497.62811     596.15521
    53.0000  146    1     -497.08936      11.25369        2.33388    -497.09353     604.43472
    54.0000  146    1     -495.66669      11.94766        2.36666    -496.18039     610.41595
    55.0000  146    1     -495.51486      12.85490        2.38432    -495.68856     626.63155
    56.0000  146    1     -495.05066      12.38847        2.40121    -495.21821     636.45340
    57.0000  146    1     -494.88102      12.85051        2.41141    -494.93413     636.21407
    58.0000  146    1     -496.12024      11.36411        2.38285    -495.72955     626.51927
    59.0000  146    1     -495.66063      12.07226        2.37880    -495.84242     629.35325
    60.0000  146    1     -494.22893      12.65072        2.40360    -495.15167     633.64807
    61.0000  146    1     -494.50179      12.41953        2.42428    -494.57552     647.96626
    62.0000  146    1     -494.94782      11.98746        2.42700    -494.49969     629.05053
    63.0000  146    1     -495.04687      11.39494        2.40093    -495.22602     624.55808
    64.0000  146    1     -495.85002      12.17023        2.38275    -495.73243     615.74668
    65.0000  146    1     -496.44403      12.54761        2.36571    -496.20696     636.15585
    66.0000  146    1     -496.73102      11.88834        2.34524    -496.77708     624.48205
    67.0000  146    1     -496.96801      10.98821        2.35180    -496.59437     638.62267
    68.0000  146    1     -497.34027      11.56040        2.32549    -497.32720     606.21672
    69.0000  146    1     -497.46914      11.89536        2.33116    -497.16923     617.16876
    70.0000  146    1     -496.64059      10.77450        2.34398    -496.81221     589.17646
    71.0000  146    1     -497.25887      11.45322        2.33028    -497.19380     594.13358
    72.0000  146    1     -495.95648      12.01507        2.36160    -496.32128     611.71720
    73.0000  146    1     -496.01361      13.57346        2.38323    -495.71893     654.42213
    74.0000  146    1     -495.85557      11.73997        2.38253    -495.73857     655.50305
    75.0000  146    1     -495.13052      12.57278        2.39775    -495.31451     657.84742
    76.0000  146    1     -494.17594      12.03965        2.41658    -494.79015     654.59845
    77.0000  146    1     -494.46532      12.06223        2.44164    -494.09198     661.77544
    78.0000  146    1     -493.41943      11.97376        2.45575    -493.69909     672.45779
    79.0000  146    1     -492.86491      13.80032        2.48241    -492.95645     694.59488
    80.0000  146    1     -493.95963      12.21891        2.45316    -493.77118     670.03464
    81.0000  146    1     -495.15863      12.61718        2.42912    -494.44072     676.01755
    82.0000  146    1     -496.89428      11.63764        2.36798    -496.14379     633.16042
    83.0000  146    1     -496.27099      11.39223        2.34971    -496.65252     611.79093
    84.0000  146    1     -496.75483      11.98179        2.35904    -496.39281     620.62065
    85.0000  146    1     -496.80655      12.14705        2.34631    -496.74717     630.10456
    86.0000  146    1     -497.51360      11.59869        2.33223    -497.13949     625.75003
    87.0000  146    1     -497.78918      11.41473        2.32517    -497.33605     629.52569
    88.0000  146    1     -497.49464      12.25511        2.31645    -497.57893     626.89448
    89.0000  146    1     -497.20642      12.15356        2.33130    -497.16533     624.98498
    90.0000  146    1     -496.73206      12.92215        2.33747    -496.99358     613.33262
    91.0000  146    1     -495.53687      12.22269        2.36017    -496.36127     646.90161
    92.0000  146    1     -495.39518      11.98484        2.38372    -495.70531     664.92475
    93.0000  146    1     -496.77365      10.82217        2.37895    -495.83822     650.59440
    94.0000  146    1     -496.66924      10.52611        2.34723    -496.72153     619.62543
    95.0000  146    1     -496.45451      11.08219        2.34891    -496.67489     626.64427
    96.0000  146    1     -497.60503      11.84815        2.34679    -496.73404     623.49762
    97.0000  146    1     -497.69496      10.89484        2.31600    -497.59162     610.45955
    98.0000  146    1     -497.66763      11.15650        2.33438    -497.07946     614.24924
    99.0000  146    1     -497.75456      12.01004        2.31570    -497.59982     620.45848
   100.0000  146    1     -497.93028      11.43944        2.30748    -497.82888     596.32289
   101.0000  146    1     -498.06879      11.95448        2.30143    -497.99730     605.40395
   102.0000  146    1     -498.27644      10.52394        2.29956    -498.04941     603.84633
   103.0000  146    1     -498.63961      11.74435        2.29164    -498.26994     600.65105
   104.0000  146    1     -497.01299      11.26126        2.30785    -497.81842     610.42216
   105.0000  146    1     -496.76703      13.23008        2.35306    -496.55930     637.23925
   106.0000  146    1     -497.44740      11.32487        2.30954    -497.77144     586.71628
   107.0000  146    1     -497.72491      11.43222        2.31025    -497.75182     589.54851
   108.0000  146    1     -498.64007      10.48730        2.28826    -498.36430     598.77218
   109.0000  146    1     -499.18337      11.15666        2.27617    -498.70091     588.34401
   110.0000  146    1     -499.00284      11.19021        2.25500    -499.29064     552.45904
   111.0000  146    1     -498.42253      11.55318        2.28441    -498.47132     597.09706
   112.0000  146    1     -499.22655      10.92133        2.26720    -498.95089     589.33021
   113.0000  146    1     -498.99759      11.10816        2.25282    -499.35133     576.34645
   114.0000  146    1     -499.09304      11.30420        2.26994    -498.87441     585.64874
   115.0000  146    1     -498.18710      12.49396        2.28394    -498.48452     592.42666
   116.0000  146    1     -497.93178      11.64942        2.29590    -498.15126     598.01713
   117.0000  146    1     -498.07717      11.54098        2.29641    -498.13709     601.22253
   118.0000  146    1     -500.04570      10.38049        2.26688    -498.95955     565.04786
   119.0000  146    1     -499.13782      10.66207        2.25046    -499.41710     555.20169
   120.0000  146    1     -498.54990      10.43030        2.26596    -498.98538     571.64049
   121.0000  146    1     -497.65288      11.12193        2.29037    -498.30529     567.70819
   122.0000  146    1     -498.10987      11.29325        2.31461    -497.63016     606.35078
   123.0000  146    1     -496.94187      12.47541        2.32095    -497.45361     618.36786
   124.0000  146    1     -497.28503      10.46761        2.34244    -496.85495     626.16090
   125.0000  146    1     -497.73367      11.05255        2.31407    -497.64527     592.17590
   126.0000  146    1     -498.30851      10.77810        2.29792    -498.09523     602.25352
   127.0000  146    1     -497.57239      11.06383        2.31522    -497.61314     580.44770
   128.0000  146    1     -497.69273      10.46518        2.31517    -497.61462     579.20589
   129.0000  146    1     -498.14268      11.29068        2.31403    -497.64644     596.77859
   130.0000  146    1     -499.03148      10.29007        2.27904    -498.62093     590.70773
   131.0000  146    1     -498.85917      10.32124        2.27502    -498.73299     580.91696
   132.0000  146    1     -498.12445       9.39630        2.27363    -498.77165     568.19287
   133.0000  146    1     -498.97986      10.54311        2.29647    -498.13550     590.82799
   134.0000  146    1     -498.21459      10.75354        2.28739    -498.38851     591.08505
   135.0000  146    1     -498.02755      11.10989        2.27989    -498.59732     571.83301
   136.0000  146    1     -498.69968      10.75948        2.27988    -498.59764     551.48963
   137.0000  146    1     -498.30867      10.85338        2.28085    -498.57053     564.08213
   138.0000  146    1     -497.34761      11.18474        2.31676    -497.57041     582.91355
   139.0000  146    1     -497.60937      11.38418        2.32389    -497.37178     611.37897
   140.0000  146    1     -498.57964      11.85994        2.30150    -497.99551     585.90935
   141.0000  146    1     -498.50658      10.71992        2.27483    -498.73834     587.43492
   142.0000  146    1     -498.87530      11.30675        2.28227    -498.53106     585.05419
   143.0000  146    1     -500.06516      10.56501        2.24655    -499.52586     574.10743
   144.0000  146    1     -499.79740      10.56080        2.24059    -499.69182     569.93403
   145.0000  146    1     -498.99401      11.08946        2.25835    -499.19736     568.68252
   146.0000  146    1     -498.09328      10.07590        2.28404    -498.48163     594.66237
   147.0000  146    1     -497.84293      11.44139        2.31018    -497.75351     605.27573
   148.0000  146    1     -497.27390      12.89192        2.31165    -497.71271     618.76216
   149.0000  146    1     -498.67407      11.24913        2.29913    -498.06142     617.12345
   150.0000  146    1     -498.15500      10.98094        2.29249    -498.24626     600.31734
   151.0000  146    1     -498.41270      11.54199        2.28282    -498.51561     603.89609
   152.0000  146    1     -498.33314      10.94004        2.28189    -498.54149     612.49043
   153.0000  146    1     -497.79218      10.89324        2.29950    -498.05105     604.68911
   154.0000  146    1     -497.13222      12.64291        2.31411    -497.64421     620.07708
   155.0000  146    1     -497.15088      11.14673        2.33593    -497.03642     622.45547
   156.0000  146    1     -496.40336      12.24931        2.33742    -496.99494     623.45585
   157.0000  146    1     -496.26744      13.52886        2.35164    -496.59896     644.95717
   158.0000  146    1     -496.35609      12.42199        2.35839    -496.41084     632.21210
   159.0000  146    1     -497.43022      11.33865        2.34812    -496.69677     630.73095
   160.0000  146    1     -497.53959      11.82858        2.30798    -497.81490     610.04225
   161.0000  146    1     -497.59243      10.27635        2.30502    -497.89745     612.65386
   162.0000  146    1     -496.79595      11.29265        2.34004    -496.92193     606.13477
   163.0000  146    1     -497.61563      10.90346        2.32391    -497.37121     596.41674
   164.0000  146    1     -497.51713      10.85125        2.31583    -497.59629     599.07011
   165.0000  146    1     -498.51508       9.84659        2.29845    -498.08045     584.32838
   166.0000  146    1     -497.54934      11.56174        2.30196    -497.98259     590.72036
   167.0000  146    1     -496.61726      11.94381        2.34091    -496.89778     620.64480
   168.0000  146    1     -496.85364      12.44429        2.34829    -496.69227     631.22447
   169.0000  146    1     -496.88084      12.19557        2.34507    -496.78175     627.65811
   170.0000  146    1     -496.79978      10.18033        2.33564    -497.04439     596.17539
   171.0000  146    1     -497.38892      12.15427        2.33607    -497.03248     611.51176
   172.0000  146    1     -496.79264      12.00465        2.33190    -497.14862     614.94828
   173.0000  146    1     -496.33390      11.25568        2.35797    -496.42257     628.06849
   174.0000  146    1     -496.57145      12.01221        2.35644    -496.46509     635.96035
   175.0000  146    1     -496.78925      10.06288        2.34868    -496.68134     604.43043
   176.0000  146    1     -496.60500      11.23480        2.34968    -496.65350     587.35657
   177.0000  146    1     -496.17288      10.95718        2.35934    -496.38422     604.78465
   178.0000  146    1     -495.28194      10.36632        2.38871    -495.56640     618.27052
   179.0000  146    1     -494.85521      12.98965        2.40059    -495.23530     624.87384
   180.0000  146    1     -495.86445      11.81504        2.39799    -495.30792     646.89127
   181.0000  146    1     -495.18437      11.67407        2.41169    -494.92632     637.84262
   182.0000  146    1     -496.66193      11.13026        2.36540    -496.21567     597.28302
   183.0000  146    1     -496.19759      11.31369        2.35190    -496.59159     595.95772
   184.0000  146    1     -495.28745      11.01155        2.38754    -495.59890     613.94392
   185.0000  146    1     -494.99487      10.83979        2.40616    -495.08021     621.23178
   186.0000  146    1     -494.89221      12.08115        2.40717    -495.05203     620.89747
   187.0000  146    1     -495.41045      11.65191        2.40251    -495.18187     630.10980
   188.0000  146    1     -494.68384      12.13359        2.40264    -495.17829     607.14471
   189.0000  146    1     -493.67616      11.42424        2.44090    -494.11263     624.08955
   190.0000  146    1     -493.82139      11.14763        2.45173    -493.81110     637.12526
   191.0000  146    1     -494.36118      10.11330        2.44642    -493.95895     615.50138
   192.0000  146    1     -495.20968      11.77410        2.41781    -494.75565     617.49649
   193.0000  146    1     -495.53178      11.76867        2.38753    -495.59918     572.57292
   194.0000  146    1     -495.11881      10.21767        2.39286    -495.45070     609.36125
   195.0000  146    1     -494.61053      12.40965        2.40267    -495.17739     609.94665
   196.0000  146    1     -494.10097      12.19142        2.44373    -494.03380     653.72590
   197.0000  146    1     -493.49957      11.17561        2.45680    -493.66985     644.53075
   198.0000  146    1     -493.31749      11.20829        2.46837    -493.34745     640.13639
   199.0000  146    1     -493.28335      12.54812        2.45624    -493.68523     616.28884
   200.0000  146    1     -494.02367      11.48165        2.45000    -493.85929     607.09813
   201.0000  146    1     -493.89454      11.36808        2.44281    -494.05951     617.23123
   202.0000  146    1     -494.50288      13.09437        2.42790    -494.47477     633.87861
   203.0000  146    1     -493.99264      12.17247        2.44619    -493.96540     641.65113
   204.0000  146    1     -494.68533      11.39232        2.43429    -494.29687     627.41966
   205.0000  146    1     -492.99877      12.40322        2.45984    -493.58499     627.45899
   206.0000  146    1     -492.63048      11.81731        2.49087    -492.72076     640.82750
   207.0000  146    1     -492.92098      12.98863        2.49510    -492.60292     644.94671
   208.0000  146    1     -494.15564      10.50737        2.44630    -493.96234     616.94721
   209.0000  146    1     -492.82843      11.81814        2.46470    -493.44970     625.39390
   210.0000  146    1     -492.89383      12.08354        2.49028    -492.73737     625.09054
   211.0000  146    1     -493.02987      11.44933        2.49661    -492.56094     613.83165
   212.0000  146    1     -492.35972      11.22987        2.47866    -493.06084     620.71159
   213.0000  146    1     -493.74353      11.52488        2.49172    -492.69699     612.92483
   214.0000  146    1     -494.79603      11.91415        2.43164    -494.37056     599.75125
   215.0000  146    1     -493.48963      12.02305        2.43714    -494.21731     608.58426
   216.0000  146    1     -493.56538      10.90858        2.46360    -493.48028     621.98403
   217.0000  146    1     -493.41167      11.37020        2.45993    -493.58247     593.39275
   218.0000  146    1     -493.70376      11.75918        2.46492    -493.44350     617.38420
   219.0000  146    1     -493.69362      11.49403        2.45111    -493.82821     613.44223
   220.0000  146    1     -493.85167      11.21366        2.45738    -493.65366     584.10418
   221.0000  146    1     -494.83235      11.15610        2.44161    -494.09291     600.54465
   222.0000  146    1     -494.04079      11.77016        2.42855    -494.45663     588.44820
   223.0000  146    1     -492.93667      11.53402        2.47005    -493.30067     628.36570
   224.0000  146    1     -493.01304      12.30864        2.46845    -493.34528     630.67697
   225.0000  146    1     -492.65210      11.67779        2.47236    -493.23623     620.56608
   226.0000  146    1     -492.56085      11.15293        2.49716    -492.54552     623.30984
   227.0000  146    1     -493.97113      11.49222        2.46548    -493.42789     611.98765
   228.0000  146    1     -493.94589      11.84829        2.43938    -494.15487     589.92306
   229.0000  146    1     -494.51371      12.11428        2.43937    -494.15537     603.11913
   230.0000  146    1     -493.36789      11.27500        2.45293    -493.77758     614.45040
   231.0000  146    1     -493.58415      11.75918        2.46956    -493.31422     602.51267
   232.0000  146    1     -493.87848      10.34292        2.46399    -493.46962     598.14424
   233.0000  146    1     -493.71136      11.87546        2.46234    -493.51557     625.96555
   234.0000  146    1     -493.60493      11.61022        2.46384    -493.47373     639.54008
   235.0000  146    1     -493.86610      10.93220        2.45578    -493.69807     627.27104
   236.0000  146    1     -493.70302      12.17652        2.45418    -493.74277     610.13082
   237.0000  146    1     -492.42372      12.41105        2.48782    -492.80562     623.06137
   238.0000  146    1     -493.23595      12.15153        2.49057    -492.72915     631.97698
   239.0000  146    1     -494.04507      12.02855        2.45423    -493.74126     647.22162
   240.0000  146    1     -493.97168      12.03035        2.44020    -494.13207     619.37104
   241.0000  146    1     -493.31745      10.15801        2.46705    -493.38440     624.69828
   242.0000  146    1     -495.14518      10.94107        2.44286    -494.05794     619.22225
   243.0000  146    1     -494.45226      12.26099        2.41693    -494.78017     608.88268
   244.0000  146    1     -494.23517      11.97107        2.44350    -494.04010     616.73784
   245.0000  146    1     -494.94821      11.87501        2.42666    -494.50933     626.56710
   246.0000  146    1     -495.80905      11.42527        2.40509    -495.10993     607.28990
   247.0000  146    1     -494.88799      11.59867        2.39258    -495.45854     587.30982
   248.0000  146    1     -494.90340      10.86561        2.40764    -495.03900     606.51600
   249.0000  146    1     -493.88340      11.06704        2.42744    -494.48763     606.30056
   250.0000  146    1     -493.29943      12.15547        2.45991    -493.58302     644.19931
   251.0000  146    1     -493.11945      12.06532        2.47231    -493.23780     647.69447
   252.0000  146    1     -493.26294      12.08779        2.46884    -493.33448     624.69567
   253.0000  146    1     -493.50475      11.54479        2.46523    -493.43494     614.59139
   254.0000  146    1     -493.89464      11.73408        2.45304    -493.77441     602.31806
   255.0000  146    1     -493.94199      11.28275        2.43284    -494.33707     578.93331
   256.0000  146    1     -494.83225      11.09212        2.42777    -494.47826     571.25845
   257.0000  146    1     -494.65668      12.45740        2.41960    -494.70599     612.56947
   258.0000  146    1     -494.23427      11.46191        2.43193    -494.36246     622.14105
   259.0000  146    1     -494.33869      11.58172        2.44314    -494.05014     582.06787
   260.0000  146    1     -493.99945      11.19291        2.44563    -493.98098     580.95909
   261.0000  146    1     -495.43347       9.63407        2.42666    -494.50923     586.98646
   262.0000  146    1     -494.92279      10.19174        2.40352    -495.15383     570.19993
   263.0000  146    1     -493.86933      11.29293        2.43437    -494.29446     581.68923
   264.0000  146    1     -492.91917      10.53132        2.46808    -493.35551     630.37304
   265.0000  146    1     -492.86657      11.47208        2.50084    -492.44313     619.25971
   266.0000  146    1     -491.61294      12.35998        2.50826    -492.23641     631.76731
   267.0000  146    1     -491.61337      11.46907        2.53325    -491.54037     639.53217
   268.0000  146    1     -491.58219      11.33504        2.53224    -491.56858     612.82333
   269.0000  146    1     -490.98076      11.91279        2.54922    -491.09547     606.23286
   270.0000  146    1     -490.29998      11.17584        2.56578    -490.63434     626.92702
   271.0000  146    1     -490.66035      12.24221        2.57435    -490.39557     643.79453
   272.0000  146    1     -492.69958      12.03577        2.50791    -492.24622     622.54693
   273.0000  146    1     -491.60526      12.24597        2.51450    -492.06250     623.87431
   274.0000  146    1     -492.86295      10.97462        2.52002    -491.90889     632.43837
   275.0000  146    1     -491.19909      13.21238        2.52034    -491.89987     650.62757
   276.0000  146    1     -491.62799      12.54410        2.55032    -491.06497     665.22736
   277.0000  146    1     -490.99304      12.61815        2.56287    -490.71527     659.19506
   278.0000  146    1     -491.57965      11.87374        2.53857    -491.39216     652.17434
   279.0000  146    1     -492.29029      11.74740        2.51794    -491.96693     649.87756
   280.0000  146    1     -492.73729      11.81131        2.48983    -492.74981     618.89561
   281.0000  146    1     -493.16033      13.36293        2.48573    -492.86383     630.48794
   282.0000  146    1     -491.96007      11.84457        2.47299    -493.21868     614.41265
   283.0000  146    1     -493.16780      11.39001        2.51826    -491.95796     640.25704
   284.0000  146    1     -493.17134      11.72242        2.47700    -493.10710     610.55001
   285.0000  146    1     -492.78397      11.60515        2.48851    -492.78643     625.29750
   286.0000  146    1     -493.00041      12.11555        2.48483    -492.88894     617.53530
   287.0000  146    1     -492.11560      12.15222        2.49290    -492.66415     634.91527
   288.0000  146    1     -492.12321      12.55973        2.51362    -492.08700     646.78105
   289.0000  146    1     -493.55109      11.24401        2.49316    -492.65693     652.14396
   290.0000  146    1     -494.97433       9.85394        2.42635    -494.51801     574.60204
   291.0000  146    1     -495.67742      10.31696        2.39541    -495.37982     539.53163
   292.0000  146    1     -495.06913       9.37360        2.38216    -495.74874     532.21041
   293.0000  146    1     -494.84500      10.53791        2.42063    -494.67713     561.49190
   294.0000  146    1     -494.98585      10.14076        2.41798    -494.75117     559.24248
   295.0000  146    1     -495.48509      10.93291        2.40588    -495.08802     573.02595
   296.0000  146    1     -494.43429      11.24665        2.40208    -495.19381     568.12579
   297.0000  146    1     -493.96273      11.04793        2.44174    -494.08930     601.05164
   298.0000  146    1     -493.28599      11.50030        2.47418    -493.18577     619.27713
   299.0000  146    1     -492.02503      11.54941        2.49738    -492.53937     639.10606
   300.0000  146    1     -491.52118      11.78493        2.53743    -491.42403     636.97725
   301.0000  146    1     -492.13275      10.23115        2.53104    -491.60199     620.59250
   302.0000  146    1     -491.15496      12.60899        2.52684    -491.71900     628.34281
   303.0000  146    1     -491.81570      12.23247        2.54607    -491.18330     668.51688
   304.0000  146    1     -492.41664      12.51667        2.49740    -492.53903     635.70158
   305.0000  146    1     -494.12388      10.95702        2.48756    -492.81299     617.63659
   306.0000  146    1     -494.89380      10.77377        2.43516    -494.27262     593.08253
   307.0000  146    1     -495.36315      10.27055        2.41142    -494.93369     573.80966
   308.0000  146    1     -495.50565      10.78420        2.38755    -495.59867     558.99333
   309.0000  146    1     -495.10665      11.07908        2.39049    -495.51667     569.61846
   310.0000  146    1     -494.65207      11.05900        2.41368    -494.87080     559.82333
   311.0000  146    1     -494.69327      10.55205        2.41851    -494.73641     588.87925
   312.0000  146    1     -494.75218      11.03505        2.42181    -494.64447     579.27009
   313.0000  146    1     -493.86589      11.20612        2.42900    -494.44412     601.21329
   314.0000  146    1     -492.64996      12.52796        2.45009    -493.85654     600.82272
   315.0000  146    1     -491.46329      11.93133        2.51396    -492.07755     634.33263
   316.0000  146    1     -491.81194      11.07700        2.54561    -491.19622     672.74080
   317.0000  146    1     -493.36354      11.27204        2.50542    -492.31541     624.93418
   318.0000  146    1     -493.21041      11.63000        2.46093    -493.55486     599.10631
   319.0000  146    1     -493.10471      11.41505        2.47807    -493.07746     614.34815
   320.0000  146    1     -493.68703      10.43649        2.46917    -493.32535     603.48393
   321.0000  146    1     -494.57305      10.79743        2.45233    -493.79423     581.46931
   322.0000  146    1     -494.78090      10.75588        2.42305    -494.60979     565.72733
   323.0000  146    1     -496.30276      10.73399        2.40023    -495.24555     567.02581
   324.0000  146    1     -496.17185      10.79725        2.36792    -496.14541     558.74727
   325.0000  146    1     -495.79599      10.14142        2.35711    -496.44644     552.46338
   326.0000  146    1     -494.49411      10.50022        2.39734    -495.32603     545.96141
   327.0000  146    1     -495.37139      10.99975        2.39961    -495.26269     559.34325
   328.0000  146    1     -494.84805      10.73289        2.40846    -495.01627     564.47979
   329.0000  146    1     -494.32168      12.34251        2.41296    -494.89087     574.73083
   330.0000  146    1     -494.14916      11.93658        2.43405    -494.30342     597.31767
   331.0000  146    1     -493.71272      11.52405        2.43898    -494.16613     590.67965
   332.0000  146    1     -495.09450      11.20929        2.42832    -494.46299     588.50259
   333.0000  146    1     -496.35224      10.81375        2.38145    -495.76844     566.66387
   334.0000  146    1     -495.81644      10.32748        2.36545    -496.21424     571.80813
   335.0000  146    1     -495.20102      10.58592        2.38864    -495.56813     560.05191
   336.0000  146    1     -495.36112      11.46287        2.41397    -494.86277     591.88590
   337.0000  146    1     -495.13671      11.05743        2.39741    -495.32399     562.56606
   338.0000  146    1     -494.51202      10.02781        2.40931    -494.99264     559.19161
   339.0000  146    1     -494.19075      10.93295        2.43561    -494.25990     574.37719
   340.0000  146    1     -493.03445      10.38202        2.46682    -493.39071     590.39292
   341.0000  146    1     -494.11796      10.96596        2.46073    -493.56023     610.85592
   342.0000  146    1     -494.28748      11.95515        2.43867    -494.17464     597.18701
   343.0000  146    1     -493.35540      10.27984        2.45541    -493.70837     608.65116
   344.0000  146    1     -493.41236      11.93719        2.45702    -493.66357     608.70008
   345.0000  146    1     -494.25302      10.05034        2.44717    -493.93811     586.13388
   346.0000  146    1     -494.75173      11.69370        2.42818    -494.46685     575.69825
   347.0000  146    1     -494.62730      10.97902        2.43391    -494.30736     596.87052
   348.0000  146    1     -494.15101      11.01610        2.43289    -494.33577     600.90187
   349.0000  146    1     -493.49805      11.87670        2.44232    -494.07312     570.81997
   350.0000  146    1     -492.96598      11.54544        2.48093    -492.99762     611.91762
   351.0000  146    1     -493.53529      11.47674        2.47169    -493.25506     623.45250
   352.0000  146    1     -493.38907      12.04706        2.46591    -493.41610     631.91020
   353.0000  146    1     -492.54995      12.49176        2.48482    -492.88941     646.00946
   354.0000  146    1     -493.27960      11.27263        2.48909    -492.77051     635.21357
   355.0000  146    1     -493.40323      12.73180        2.47694    -493.10883     652.76247
   356.0000  146    1     -494.20308      12.74923        2.45345    -493.76300     626.41685
   357.0000  146    1     -492.99223      12.61891        2.43128    -494.38072     610.41929
   358.0000  146    1     -492.49417      11.00853        2.48974    -492.75234     611.36842
   359.0000  146    1     -492.40693      12.04933        2.51327    -492.09676     645.88033
   360.0000  146    1     -492.62216      11.48858        2.49125    -492.71021     635.23330
   361.0000  146    1     -491.93819      11.90133        2.49972    -492.47437     617.29894
   362.0000  146    1     -492.80792      11.84038        2.51517    -492.04407     641.54687
   363.0000  146    1     -492.95089      11.64188        2.50479    -492.33320     634.26161
   364.0000  146    1     -493.40843      10.89684        2.45408    -493.74557     583.19947
   365.0000  146    1     -492.98900      12.82942        2.47959    -493.03500     603.47315
   366.0000  146    1     -493.78078      10.53805        2.46722    -493.37942     609.83030
   367.0000  146    1     -492.50005      11.97319        2.47686    -493.11094     607.09339
   368.0000  146    1     -492.19347      11.68207        2.49401    -492.63321     597.36810
   369.0000  146    1     -491.17756      11.75714        2.54295    -491.27033     628.50340
   370.0000  146    1     -492.08535      12.23850        2.54526    -491.20582     635.41939
   371.0000  146    1     -492.23904      11.92791        2.52334    -491.81627     626.58554
   372.0000  146    1     -491.53081      11.42108        2.51430    -492.06826     620.89180
   373.0000  146    1     -492.45498      10.73113        2.52413    -491.79431     641.24237
   374.0000  146    1     -492.34152      12.56585        2.50447    -492.34201     645.41904
   375.0000  146    1     -493.46178      11.54726        2.47592    -493.13734     624.57110
   376.0000  146    1     -493.54388      11.73830        2.46607    -493.41166     609.53708
   377.0000  146    1     -493.22568      11.96983        2.47179    -493.25229     601.65247
   378.0000  146    1     -493.35789      12.62903        2.47438    -493.18016     611.71999
   379.0000  146    1     -493.52856      11.06666        2.47587    -493.13863     620.25975
   380.0000  146    1     -493.46384      11.12195        2.47464    -493.17290     612.81786
   381.0000  146    1     -492.39619      11.91027        2.47765    -493.08916     615.53225
   382.0000  146    1     -492.02703      12.45171        2.49425    -492.62672     624.72083
   383.0000  146    1     -491.67931      11.98460        2.53041    -491.61952     656.95217
   384.0000  146    1     -493.55994      12.15989        2.48468    -492.89315     601.85819
   385.0000  146    1     -493.03392       9.77929        2.45659    -493.67564     563.13865
   386.0000  146    1     -493.22212      11.84499        2.48477    -492.89078     585.23208
   387.0000  146    1     -492.99762      10.94429        2.47434    -493.18121     579.10097
   388.0000  146    1     -492.78435      11.88780        2.46592    -493.41565     596.15963
   389.0000  146    1     -492.59550      12.02675        2.49006    -492.74325     613.20344
   390.0000  146    1     -492.85614      12.22390        2.48273    -492.94748     603.46630
   391.0000  146    1     -494.33804      10.29619        2.45544    -493.70756     576.69989
   392.0000  146    1     -494.15684      11.19825        2.43513    -494.27325     576.66146
   393.0000  146    1     -494.64392      11.54507        2.41630    -494.79796     563.39920
   394.0000  146    1     -494.37431      11.77470        2.41650    -494.79231     566.50021
   395.0000  146    1     -493.19041      11.70540        2.45772    -493.64415     597.21784
   396.0000  146    1     -493.46783      11.23507        2.48435    -492.90253     590.54873
   397.0000  146    1     -492.77553      11.13174        2.48021    -493.01769     593.59397
   398.0000  146    1     -493.77047      11.05965        2.47148    -493.26078     599.15529
   399.0000  146    1     -493.82913      11.87437        2.45540    -493.70863     604.85702
   400.0000  146    1     -493.75793      11.09515        2.44530    -493.99006     611.71139
   401.0000  146    1     -493.43493      11.18118        2.45982    -493.58573     598.92033
   402.0000  146    1     -493.55456      11.48483        2.44757    -493.92674     598.71111
   403.0000  146    1     -493.70824      11.12395        2.44505    -493.99709     595.59367
   404.0000  146    1     -493.74718      11.46260        2.45431    -493.73899     598.95462
   405.0000  146    1     -493.97505      11.14787        2.44240    -494.07091     609.22286
   406.0000  146    1     -492.38378      11.93532        2.47832    -493.07031     646.74322
   407.0000  146    1     -491.21500      11.01336        2.51102    -492.15952     636.95075
   408.0000  146    1     -491.13382      11.93087        2.54310    -491.26596     671.21065
   409.0000  146    1     -491.92410      13.49829        2.53200    -491.57528     660.84227
   410.0000  146    1     -493.43729      10.44402        2.50739    -492.26075     621.59858
   411.0000  146    1     -493.75199      12.02246        2.47096    -493.27530     603.21688
   412.0000  146    1     -492.74379      12.83871        2.46718    -493.38078     599.32054
   413.0000  146    1     -493.66386      10.99394        2.46703    -493.38493     606.88856
   414.0000  146    1     -494.70139      11.17913        2.44457    -494.01038     605.70269
   415.0000  146    1     -494.74010      10.99736        2.40181    -495.20133     552.70500
   416.0000  146    1     -494.25450       9.79915        2.43964    -494.14766     576.86862
   417.0000  146    1     -494.00487      11.80966        2.43262    -494.34316     593.03097
   418.0000  146    1     -493.39497      11.63582        2.45725    -493.65730     625.87975
   419.0000  146    1     -493.56696      11.45655        2.46536    -493.43130     629.07490
   420.0000  146    1     -494.20939      12.27942        2.44402    -494.02572     594.93273
   421.0000  146    1     -494.39204      12.89298        2.44883    -493.89188     636.77014
   422.0000  146    1     -495.39722      10.55045        2.41790    -494.75334     587.73021
   423.0000  146    1     -495.33170      11.62859        2.39483    -495.39595     587.37320
   424.0000  146    1     -495.37449      10.89873        2.38819    -495.58075     580.05723
   425.0000  146    1     -494.38394      11.65221        2.42026    -494.68743     592.39603
   426.0000  146    1     -495.32555      11.16644        2.42311    -494.60819     591.46283
   427.0000  146    1     -495.46355      10.55093        2.39275    -495.45389     560.45328
   428.0000  146    1     -495.30084      12.02735        2.39130    -495.49409     558.03895
   429.0000  146    1     -494.18289      10.79881        2.42483    -494.56018     604.31385
   430.0000  146    1     -493.99667      11.19606        2.44375    -494.03337     598.31040
   431.0000  146    1     -494.20350      12.01321        2.43035    -494.40660     581.75537
   432.0000  146    1     -494.09765      11.74757        2.43782    -494.19848     588.36199
   433.0000  146    1     -494.58587      10.50798        2.43483    -494.28161     570.74043
   434.0000  146    1     -494.35376      11.48554        2.43224    -494.35376     592.73961
   435.0000  146    1     -494.02449      10.98689        2.42835    -494.46233     603.25998
   436.0000  146    1     -494.69638      11.88945        2.42875    -494.45101     596.65126
   437.0000  146    1     -495.59281      10.67784        2.40451    -495.12611     582.47582
   438.0000  146    1     -495.49078      10.34956        2.38414    -495.69371     552.58520
   439.0000  146    1     -494.47262      11.38840        2.42042    -494.68305     587.80479
   440.0000  146    1     -493.77071      11.98875        2.44133    -494.10063     628.50393
   441.0000  146    1     -494.55682      11.07407        2.44084    -494.11440     623.40849
   442.0000  146    1     -495.11424      10.85520        2.42123    -494.66037     594.86012
   443.0000  146    1     -495.40384      11.37718        2.39752    -495.32098     586.13488
   444.0000  146    1     -495.50454      10.92467        2.39491    -495.39351     583.73736
   445.0000  146    1     -494.60732      11.27738        2.41091    -494.94793     583.02981
   446.0000  146    1     -494.37321      11.67826        2.43330    -494.32424     600.18727
   447.0000  146    1     -492.97531      12.25533        2.44624    -493.96389     604.31568
   448.0000  146    1     -492.26217      12.44281        2.48543    -492.87239     625.83372
   449.0000  146    1     -493.05854      11.95378        2.51119    -492.15495     643.44284
   450.0000  146    1     -493.07305      11.48628        2.49081    -492.72249     647.17704
   451.0000  146    1     -492.83656      11.59646        2.48066    -493.00522     625.73862
   452.0000  146    1     -491.68785      11.92343        2.50226    -492.40346     624.26063
   453.0000  146    1     -491.68900      11.28375        2.53298    -491.54785     628.73270
   454.0000  146    1     -491.65037      12.19816        2.53140    -491.59187     641.02426
   455.0000  146    1     -492.20397       9.96013        2.51743    -491.98108     622.28121
   456.0000  146    1     -492.34426      11.45643        2.50830    -492.23536     620.50239
   457.0000  146    1     -493.01890      10.98460        2.48959    -492.75650     619.80285
   458.0000  146    1     -493.06207      11.23297        2.46841    -493.34629     597.86060
   459.0000  146    1     -493.07484      10.01666        2.48765    -492.81042     607.88264
   460.0000  146    1     -494.19732      11.04813        2.46083    -493.55740     595.77449
   461.0000  146    1     -494.33102      10.62560        2.43717    -494.21664     562.04555
   462.0000  146    1     -494.78470      10.59703        2.43465    -494.28667     577.03466
   463.0000  146    1     -493.38305      11.04358        2.45414    -493.74395     591.91331
   464.0000  146    1     -493.74609      11.39784        2.45145    -493.81869     592.64883
   465.0000  146    1     -492.72466      11.83619        2.47073    -493.28187     599.51362
   466.0000  146    1     -492.98916      11.51269        2.49726    -492.54280     624.08179
   467.0000  146    1     -491.79361      11.60213        2.50234    -492.40137     616.13306
   468.0000  146    1     -492.79215      12.75809        2.50901    -492.21560     631.36371
   469.0000  146    1     -491.93390      13.13198        2.49824    -492.51548     650.38954
   470.0000  146    1     -492.24786      11.73369        2.50617    -492.29475     636.14977
   471.0000  146    1     -493.13405      12.38502        2.48543    -492.87234     623.97278
   472.0000  146    1     -494.14558      10.20228        2.46498    -493.44199     607.96636
   473.0000  146    1     -494.29554      10.92431        2.44984    -493.86371     612.50769
   474.0000  146    1     -494.20459      10.15135        2.42720    -494.49411     589.72412
   475.0000  146    1     -494.52032      10.95668        2.44026    -494.13053     586.65488
   476.0000  146    1     -494.23201      10.01467        2.43873    -494.17307     593.66226
   477.0000  146    1     -493.87778      11.46658        2.43312    -494.32931     591.15941
   478.0000  146    1     -492.90370      11.56619        2.46465    -493.45122     611.45614
   479.0000  146    1     -492.21836      12.76341        2.48465    -492.89407     626.29256
   480.0000  146    1     -494.08892      10.40687        2.47656    -493.11940     636.64869
   481.0000  146    1     -493.97147      10.99470        2.44086    -494.11370     592.13396
   482.0000  146    1     -493.96757      12.83449        2.45012    -493.85591     612.24928
   483.0000  146    1     -494.92569      11.25894        2.41784    -494.75490     586.27397
   484.0000  146    1     -494.64578      10.21295        2.41409    -494.85931     579.40720
   485.0000  146    1     -495.01393      11.58988        2.40937    -494.99095     563.64715
   486.0000  146    1     -496.78127      10.23326        2.38986    -495.53422     578.76513
   487.0000  146    1     -497.18779      10.82532        2.34760    -496.71145     563.21944
   488.0000  146    1     -497.93701       9.70934        2.30602    -497.86938     551.92217
   489.0000  146    1     -496.80045      10.15000        2.32058    -497.46405     545.05029
   490.0000  146    1     -496.03458      10.54959        2.35704    -496.44850     581.18918
   491.0000  146    1     -497.61393      10.43567        2.34104    -496.89406     562.67731
   492.0000  146    1     -496.89013      10.72919        2.33580    -497.04011     550.12867
   493.0000  146    1     -495.66020      10.04923        2.37800    -495.86456     570.04363
   494.0000  146    1     -495.99420       9.11722        2.38090    -495.78379     574.68923
   495.0000  146    1     -496.00262      11.19587        2.38082    -495.78603     570.76604
   496.0000  146    1     -496.78243       9.52790        2.34238    -496.85666     534.29327
   497.0000  146    1     -496.03633      10.39782        2.36058    -496.34969     554.03800
   498.0000  146    1     -495.38566      11.32027        2.39721    -495.32953     568.16467
   499.0000  146    1     -495.78724      10.65209        2.38235    -495.74343     541.99646
   500.0000  146    1     -495.59022      10.81153        2.36156    -496.32249     536.05415
   501.0000  146    1     -495.58041      10.92854        2.39107    -495.50070     570.78684
   502.0000  146    1     -495.62834       9.96919        2.38060    -495.79233     571.44085
   503.0000  146    1     -493.91582      11.40009        2.42397    -494.58426     585.64847
   504.0000  146    1     -493.52484      11.49776        2.46071    -493.56075     605.13170
   505.0000  146    1     -493.43123      11.91353        2.45119    -493.82592     598.45018
   506.0000  146    1     -492.91149      11.84965        2.46602    -493.41300     620.32641
   507.0000  146    1     -493.51512      12.17676        2.47079    -493.28021     631.10588
   508.0000  146    1     -494.12863      11.90207        2.44967    -493.86849     591.29676
   509.0000  146    1     -493.91470      11.30098        2.45651    -493.67775     613.66140
   510.0000  146    1     -493.83241      11.84068        2.45470    -493.72816     604.14199
   511.0000  146    1     -494.36350      11.18786        2.44691    -493.94532     620.60432
   512.0000  146    1     -493.80438      11.98139        2.44655    -493.95523     587.31101
   513.0000  146    1     -494.81732      11.41805        2.44669    -493.95129     612.75497
   514.0000  146    1     -493.64231      10.95070        2.43731    -494.21264     620.45736
   515.0000  146    1     -493.37338      11.86319        2.48190    -492.97055     644.48398
   516.0000  146    1     -492.54812      11.10431        2.47717    -493.10234     622.09853
   517.0000  146    1     -493.32191      12.53802        2.48657    -492.84070     626.60583
   518.0000  146    1     -493.54052      12.04336        2.46731    -493.37706     624.07068
   519.0000  146    1     -493.96011      12.00072        2.45819    -493.63097     617.50167
   520.0000  146    1     -494.38149      10.99872        2.43795    -494.19475     585.58465
   521.0000  146    1     -493.28444      11.89765        2.45091    -493.83393     604.75445
   522.0000  146    1     -492.98413      11.07926        2.47661    -493.11812     608.37460
   523.0000  146    1     -493.03556      10.93982        2.47848    -493.06597     612.61666
   524.0000  146    1     -493.83613      10.45334        2.46078    -493.55895     603.60722
   525.0000  146    1     -493.61334      11.15072        2.44973    -493.86658     599.68321
   526.0000  146    1     -493.88892      11.76694        2.45639    -493.68115     615.53213
   527.0000  146    1     -494.49668       9.99439        2.43029    -494.40811     572.18296
   528.0000  146    1     -493.84456      11.32135        2.44945    -493.87455     605.98194
   529.0000  146    1     -492.95273      11.52428        2.46319    -493.49169     606.69478
   530.0000  146    1     -491.65881      12.29036        2.50294    -492.38458     625.01291
   531.0000  146    1     -490.51927      11.56251        2.54624    -491.17854     639.40805
   532.0000  146    1     -491.47003      11.63285        2.54284    -491.27339     628.43398
   533.0000  146    1     -491.88128      12.05421        2.53309    -491.54487     645.87248
   534.0000  146    1     -491.56689      13.07534        2.51861    -491.94805     632.21403
   535.0000  146    1     -491.34335      12.08861        2.52935    -491.64908     627.52626
   536.0000  146    1     -491.74345      12.53921        2.51806    -491.96359     631.22776
   537.0000  146    1     -491.40510      12.63776        2.53524    -491.48489     645.14427
   538.0000  146    1     -490.83282      12.51130        2.55477    -490.94088     660.55143
   539.0000  146    1     -491.76864      11.91076        2.54603    -491.18433     641.59202
   540.0000  146    1     -491.84513      11.69790        2.50996    -492.18904     610.40513
   541.0000  146    1     -491.82276      12.30322        2.52410    -491.79528     647.21813
   542.0000  146    1     -493.01914      11.21119        2.48466    -492.89379     608.42967
   543.0000  146    1     -493.70735      11.15499        2.47539    -493.15190     624.14071
   544.0000  146    1     -494.17335      10.90365        2.44391    -494.02881     575.41271
   545.0000  146    1     -494.51891      10.62703        2.43989    -494.14075     593.59887
   546.0000  146    1     -495.71825       9.40965        2.41542    -494.82228     569.74100
   547.0000  146    1     -496.14756      10.04366        2.38420    -495.69199     529.11732
   548.0000  146    1     -495.10917       9.44300        2.38096    -495.78216     560.43530
   549.0000  146    1     -494.43465      11.29101        2.40990    -494.97603     578.48517
   550.0000  146    1     -494.77138      10.09939        2.41716    -494.77401     579.58434
   551.0000  146    1     -494.36314       9.36847        2.41326    -494.88248     553.37407
   552.0000  146    1     -494.66705      10.18761        2.43354    -494.31777     589.94549
   553.0000  146    1     -495.16333      10.91920        2.41190    -494.92027     582.16588
   554.0000  146    1     -494.54247      10.71282        2.42614    -494.52377     569.40113
   555.0000  146    1     -494.74335       9.68241        2.43204    -494.35953     574.32587
   556.0000  146    1     -493.93158      11.78386        2.42993    -494.41811     557.27699
   557.0000  146    1     -494.53608       9.99937        2.45247    -493.79043     587.53595
   558.0000  146    1     -494.65295      11.41703        2.43786    -494.19737     581.09606
   559.0000  146    1     -496.09351       9.45603        2.40185    -495.20033     567.64212
   560.0000  146    1     -494.85185      10.31989        2.38720    -495.60837     543.41348
   561.0000  146    1     -494.61335      11.06588        2.42169    -494.64772     574.69411
   562.0000  146    1     -494.85209      11.00683        2.41119    -494.94020     548.18449
   563.0000  146    1     -493.95883      11.66201        2.42115    -494.66263     593.12594
   564.0000  146    1     -494.43600      11.11366        2.44556    -493.98276     590.93381
   565.0000  146    1     -493.93748      12.26316        2.43565    -494.25893     605.89315
   566.0000  146    1     -495.10076      10.22469        2.42641    -494.51629     595.51406
   567.0000  146    1     -494.35051      10.49240        2.43667    -494.23048     619.54270
   568.0000  146    1     -494.54255      11.50411        2.42572    -494.53542     597.21672
   569.0000  146    1     -493.42645      11.46580        2.44351    -494.03988     615.42741
   570.0000  146    1     -493.03863      12.67645        2.47518    -493.15794     624.38826
   571.0000  146    1     -493.22767      11.29460        2.47096    -493.27534     621.14186
   572.0000  146    1     -492.84801      11.43750        2.46891    -493.33239     607.73675
   573.0000  146    1     -493.09634      11.26525        2.49144    -492.70499     601.03913
   574.0000  146    1     -493.78216      11.50419        2.45560    -493.70319     598.52968
   575.0000  146    1     -493.09083      11.14478        2.45501    -493.71971     608.31055
   576.0000  146    1     -492.07639      11.78210        2.50027    -492.45904     626.34630
   577.0000  146    1     -493.13558      11.73091        2.49522    -492.59952     597.32459
   578.0000  146    1     -492.15441      12.15665        2.49578    -492.58408     631.02716
   579.0000  146    1     -493.38326      12.40479        2.50169    -492.41936     636.84091
   580.0000  146    1     -493.25398      11.49685        2.46973    -493.30966     623.09102
   581.0000  146    1     -493.05847      12.46809        2.45752    -493.64982     604.07554
   582.0000  146    1     -493.46810      11.84437        2.46735    -493.37579     613.42000
   583.0000  146    1     -492.99422      10.18040        2.47159    -493.25773     612.38753
   584.0000  146    1     -493.10248      12.06874        2.47014    -493.29833     617.51123
   585.0000  146    1     -492.26330      11.83967        2.48926    -492.76563     618.20379
   586.0000  146    1     -492.44950      12.04832        2.50084    -492.44319     623.63380
   587.0000  146    1     -491.91909      11.86185        2.51007    -492.18598     634.44031
   588.0000  146    1     -492.49798      11.93756        2.49950    -492.48055     624.08291
   589.0000  146    1     -492.03909      11.61941        2.51117    -492.15531     618.05091
   590.0000  146    1     -492.43988      11.59031        2.50031    -492.45783     619.81344
   591.0000  146    1     -493.57656      10.99449        2.47612    -493.13151     598.38466
   592.0000  146    1     -493.29204      11.05754        2.46924    -493.32325     595.83453
   593.0000  146    1     -492.81989      11.26744        2.48815    -492.79659     602.29572
   594.0000  146    1     -493.13299      12.31196        2.48114    -492.99187     626.84158
   595.0000  146    1     -493.00731      11.75528        2.47783    -493.08404     631.78727
   596.0000  146    1     -493.64648      10.69474        2.47280    -493.22417     629.87128
   597.0000  146    1     -493.17993      11.22202        2.47551    -493.14851     638.94226
   598.0000  146    1     -493.53942      11.51167        2.46452    -493.45463     632.70689
   599.0000  146    1     -493.09411      10.91878        2.46710    -493.38295     601.72302
   600.0000  146    1     -493.27205      11.93629        2.45034    -493.84973     611.71196
   601.0000  146    1     -491.84312      12.48723        2.49667    -492.55917     631.24433
   602.0000  146    1     -492.60593      10.85573        2.50652    -492.28498     650.92326
   603.0000  146    1     -493.66812      11.45271        2.48051    -493.00924     632.84680
   604.0000  146    1     -493.03407      11.94722        2.45665    -493.67395     613.57622
   605.0000  146    1     -492.96253      11.70622        2.48877    -492.77916     628.87627
   606.0000  146    1     -493.17694      11.43353        2.49131    -492.70847     623.03722
   607.0000  146    1     -493.08077      12.43776        2.47557    -493.14697     636.42203
   608.0000  146    1     -493.56318      10.75360        2.46590    -493.41633     653.14225
   609.0000  146    1     -492.38266      12.60135        2.48011    -493.02051     636.66725
   610.0000  146    1     -492.17683      12.83741        2.52351    -491.81172     662.99341
   611.0000  146    1     -493.45596      10.51117        2.49725    -492.54314     643.79682
   612.0000  146    1     -494.86692      11.47591        2.42642    -494.51599     588.20683
   613.0000  146    1     -494.60466      11.06679        2.40358    -495.15213     577.32232
   614.0000  146    1     -494.89787      10.91501        2.42101    -494.66673     585.29349
   615.0000  146    1     -495.47339      10.58754        2.39743    -495.32351     566.39508
   616.0000  146    1     -494.42280      11.06390        2.41377    -494.86817     582.87856
   617.0000  146    1     -495.23732      10.67378        2.42406    -494.58171     584.77705
   618.0000  146    1     -495.34871       9.45974        2.41303    -494.88885     570.99790
   619.0000  146    1     -495.12586      11.45867        2.39734    -495.32605     538.70981
   620.0000  146    1     -494.89205      10.28833        2.39556    -495.37540     551.87611
   621.0000  146    1     -495.03187      11.13234        2.40653    -495.06985     556.57579
   622.0000  146    1     -494.31433      10.71808        2.42223    -494.63259     555.35226
   623.0000  146    1     -493.40840      10.65352        2.44626    -493.96325     588.89156
   624.0000  146    1     -493.13262       9.95476        2.46668    -493.39445     576.74442
   625.0000  146    1     -493.54881      11.32148        2.47245    -493.23386     572.60670
   626.0000  146    1     -494.15908      11.32442        2.45109    -493.82870     549.04423
   627.0000  146    1     -493.05185      12.25625        2.46538    -493.43091     598.01242
   628.0000  146    1     -492.82732      13.00064        2.48228    -492.96009     617.65921
   629.0000  146    1     -491.13923      12.82745        2.50338    -492.37224     644.55089
   630.0000  146    1     -491.78167      11.34748        2.53833    -491.39880     633.56113
   631.0000  146    1     -492.02324      11.83750        2.50870    -492.22404     633.48652
   632.0000  146    1     -492.93032      11.77391        2.49728    -492.54213     646.11575
   633.0000  146    1     -493.22823      10.71081        2.48351    -492.92572     635.51546
   634.0000  146    1     -492.34585      13.48669        2.48641    -492.84492     637.29670
   635.0000  146    1     -492.85056      11.42575        2.48753    -492.81393     657.40016
   636.0000  146    1     -493.20306      11.56666        2.47670    -493.11543     614.39186
   637.0000  146    1     -493.57454      10.92649        2.46078    -493.55897     622.59923
   638.0000  146    1     -493.41467      11.05367        2.45996    -493.58165     599.94850
   639.0000  146    1     -492.97544      11.07758        2.46957    -493.31403     614.65096
   640.0000  146    1     -493.11224      12.37981        2.49113    -492.71366     630.54869
   641.0000  146    1     -493.91383      11.20206        2.46142    -493.54115     591.16931
   642.0000  146    1     -493.78177      11.94224        2.45199    -493.80375     579.43271
   643.0000  146    1     -494.14554      10.57649        2.45605    -493.69074     587.86332
   644.0000  146    1     -494.65881      10.29138        2.43774    -494.20076     578.05783
   645.0000  146    1     -493.78124      11.55488        2.43091    -494.39103     582.21543
   646.0000  146    1     -492.37795      10.57281        2.46845    -493.34529     595.27930
   647.0000  146    1     -492.99302      12.30690        2.49810    -492.51944     617.34477
   648.0000  146    1     -493.18797      10.69918        2.46569    -493.42220     614.41137
   649.0000  146    1     -493.40529      10.93316        2.47412    -493.18729     593.47056
   650.0000  146    1     -493.18350      12.53484        2.46784    -493.36220     589.08023
   651.0000  146    1     -492.53174      11.51571        2.48179    -492.97384     608.85005
   652.0000  146    1     -493.23565      12.02103        2.48069    -493.00439     607.36588
   653.0000  146    1     -493.15506      11.07584        2.47227    -493.23884     612.04606
   654.0000  146    1     -493.11078      12.10658        2.49079    -492.72310     604.30559
   655.0000  146    1     -493.46807      11.40608        2.47038    -493.29159     592.11482
   656.0000  146    1     -494.03050      11.57633        2.45712    -493.66089     603.85853
   657.0000  146    1     -493.49063      10.26077        2.45364    -493.75765     578.48867
   658.0000  146    1     -493.15769      11.40780        2.47555    -493.14755     591.52484
   659.0000  146    1     -494.24148      10.98326        2.47196    -493.24738     595.68782
   660.0000  146    1     -493.90385      11.00081        2.44234    -494.07266     573.96782
   661.0000  146    1     -494.00677      10.71527        2.44935    -493.87714     577.95557
   662.0000  146    1     -495.05556      10.41193        2.41615    -494.80190     559.25645
   663.0000  146    1     -494.73255       9.90540        2.42072    -494.67476     559.51651
   664.0000  146    1     -494.56985      11.84100        2.42731    -494.49105     575.81831
   665.0000  146    1     -494.84790      10.41099        2.42727    -494.49230     564.65333
   666.0000  146    1     -495.32059      11.40714        2.42135    -494.65729     587.76562
   667.0000  146    1     -493.78178      10.99101        2.42906    -494.44256     602.73836
   668.0000  146    1     -492.58959      10.67159        2.47216    -493.24204     610.04640
   669.0000  146    1     -492.57447      12.52005        2.48588    -492.85966     622.12920
   670.0000  146    1     -491.82800      12.43408        2.52163    -491.86391     648.84632
   671.0000  146    1     -492.35738      10.73128        2.51161    -492.14321     636.45566
   672.0000  146    1     -493.36494      10.26789        2.48013    -493.02001     600.72251
   673.0000  146    1     -493.28871      11.85891        2.46249    -493.51129     597.10055
   674.0000  146    1     -493.65306      12.44081        2.48268    -492.94880     629.10959
   675.0000  146    1     -492.56645      12.98310        2.47640    -493.12372     641.59530
   676.0000  146    1     -493.25078      12.48059        2.47918    -493.04630     637.07269
   677.0000  146    1     -493.81453      11.41038        2.44544    -493.98613     593.31946
   678.0000  146    1     -492.86175      11.39285        2.46200    -493.52483     611.54554
   679.0000  146    1     -494.42220      11.08302        2.47240    -493.23533     626.64458
   680.0000  146    1     -494.76340      11.27072        2.42147    -494.65370     591.10744
   681.0000  146    1     -493.98573      10.91309        2.42772    -494.47982     592.14117
   682.0000  146    1     -494.12525      10.92772        2.44236    -494.07199     613.04666
   683.0000  146    1     -494.54583      10.99207        2.43574    -494.25638     587.79767
   684.0000  146    1     -494.78599      10.45165        2.43088    -494.39173     591.87755
   685.0000  146    1     -494.27329      10.71606        2.42982    -494.42128     588.00470
   686.0000  146    1     -494.74501      10.54360        2.42765    -494.48156     571.12597
   687.0000  146    1     -494.90197      10.97813        2.41980    -494.70033     574.76489
   688.0000  146    1     -494.85280      11.65091        2.41078    -494.95155     578.24209
   689.0000  146    1     -494.14414      11.95254        2.43186    -494.36451     600.64559
   690.0000  146    1     -493.50299      12.37009        2.45019    -493.85386     623.58279
   691.0000  146    1     -493.33263      10.67420        2.46438    -493.45861     611.51111
   692.0000  146    1     -495.41276      10.67045        2.43278    -494.33872     590.79160
   693.0000  146    1     -494.67030      10.16355        2.41073    -494.95307     579.54029
   694.0000  146    1     -494.68264      11.03633        2.40868    -495.01007     589.90477
   695.0000  146    1     -493.43344      10.98946        2.45323    -493.76927     621.18840
   696.0000  146    1     -495.17776      11.92768        2.43195    -494.36186     602.23081
   697.0000  146    1     -494.38035      12.11679        2.41085    -494.94963     589.79179
   698.0000  146    1     -494.88096      11.24880        2.41781    -494.75581     601.59878
   699.0000  146    1     -494.90584      11.45206        2.41385    -494.86608     580.88811
   700.0000  146    1     -494.67276      12.28702        2.41565    -494.81583     600.97838
   701.0000  146    1     -494.63398      11.09503        2.42256    -494.62337     582.49085
   702.0000  146    1     -493.77929      10.56119        2.43054    -494.40116     579.66318
   703.0000  146    1     -494.47471      10.54407        2.43354    -494.31769     600.90990
   704.0000  146    1     -493.51855      11.49794        2.43563    -494.25939     604.26565
   705.0000  146    1     -493.56460      11.96272        2.46176    -493.53160     605.61620
   706.0000  146    1     -493.31382      11.64878        2.45968    -493.58946     617.23360
   707.0000  146    1     -493.85153      12.35425        2.46370    -493.47764     619.21594
   708.0000  146    1     -494.30942      10.64245        2.44027    -494.13011     600.79456
   709.0000  146    1     -494.96044      11.43328        2.42142    -494.65523     596.09788
   710.0000  146    1     -494.57154      11.08292        2.41182    -494.92257     598.63360
   711.0000  146    1     -494.60128      12.39540        2.42581    -494.53290     599.31940
   712.0000  146    1     -493.15984      11.43336        2.45430    -493.73952     621.98868
   713.0000  146    1     -493.02183      11.94889        2.46723    -493.37937     636.05851
   714.0000  146    1     -493.76299      11.44832        2.47019    -493.29692     621.32022
   715.0000  146    1     -492.26522      12.64311        2.47295    -493.21994     637.71392
   716.0000  146    1     -492.66471      11.64318        2.50461    -492.33810     644.94882
   717.0000  146    1     -492.83437      11.07920        2.49240    -492.67810     622.74255
   718.0000  146    1     -492.81421      11.41145        2.49017    -492.74027     600.38651
   719.0000  146    1     -491.66273      11.85803        2.50505    -492.32574     616.58503
   720.0000  146    1     -492.18337      12.14943        2.51599    -492.02121     635.09629
   721.0000  146    1     -491.99756      12.00088        2.51514    -492.04492     635.19520
   722.0000  146    1     -492.51618      12.89824        2.50184    -492.41537     644.38530
   723.0000  146    1     -492.32472      11.50794        2.49571    -492.58589     637.15643
   724.0000  146    1     -493.24060      12.07372        2.50506    -492.32544     607.12507
   725.0000  146    1     -494.08689      11.60810        2.45141    -493.81982     581.25884
   726.0000  146    1     -493.39442      11.59854        2.46703    -493.38479     616.50511
   727.0000  146    1     -493.24014      11.17704        2.47958    -493.03524     612.09374
   728.0000  146    1     -492.94725      12.34384        2.47552    -493.14838     600.56925
   729.0000  146    1     -493.30736      10.39593        2.48219    -492.96270     605.56210
   730.0000  146    1     -494.17109      11.30042        2.45648    -493.67856     597.40951
   731.0000  146    1     -493.70020      11.03618        2.45066    -493.84071     572.63023
   732.0000  146    1     -494.05119      10.95618        2.43927    -494.15810     580.02608
   733.0000  146    1     -494.67309      11.82455        2.43713    -494.21760     610.01856
   734.0000  146    1     -495.28258      10.33938        2.41463    -494.84432     591.29526
   735.0000  146    1     -495.56937       9.71792        2.41282    -494.89466     557.80149
   736.0000  146    1     -494.86377      10.09683        2.39192    -495.47677     547.94851
   737.0000  146    1     -493.17374      10.69706        2.44229    -494.07398     565.32120
   738.0000  146    1     -493.19244      10.73495        2.47163    -493.25672     571.23316
   739.0000  146    1     -492.96203      11.34315        2.47467    -493.17204     585.05478
   740.0000  146    1     -494.05250      10.55518        2.47528    -493.15516     581.06188
   741.0000  146    1     -493.31991      10.93015        2.46670    -493.39399     603.12228
   742.0000  146    1     -492.38947      11.49028        2.47937    -493.04110     611.75187
   743.0000  146    1     -492.63494      11.07147        2.51075    -492.16698     634.33487
   744.0000  146    1     -492.92891      11.45726        2.48999    -492.74544     628.57510
   745.0000  146    1     -493.31301      10.80379        2.46562    -493.42411     616.35311
   746.0000  146    1     -494.79237      11.06931        2.43813    -494.18986     603.63999
   747.0000  146    1     -494.57652      12.37529        2.42186    -494.64284     586.67699
   748.0000  146    1     -494.66495      11.00019        2.41671    -494.78629     592.05707
   749.0000  146    1     -493.98699      11.85154        2.43403    -494.30409     590.30050
   750.0000  146    1     -494.25929      11.73730        2.43919    -494.16034     607.10288
   751.0000  146    1     -494.27299      11.89410        2.42534    -494.54605     581.03260
   752.0000  146    1     -495.40502      11.42070        2.42533    -494.54624     600.37875
   753.0000  146    1     -496.82341       9.88794        2.37663    -495.90286     555.61285
   754.0000  146    1     -496.10253      10.05629        2.35019    -496.63928     542.61850
   755.0000  146    1     -495.35291      10.01073        2.37873    -495.84426     560.79875
   756.0000  146    1     -494.61328      10.54903        2.41662    -494.78890     574.33136
   757.0000  146    1     -495.18702      11.50065        2.40419    -495.13519     583.12094
   758.0000  146    1     -494.11881      11.60928        2.42342    -494.59957     609.48606
   759.0000  146    1     -494.19266      10.77364        2.44385    -494.03051     619.25616
   760.0000  146    1     -494.89761      10.87794        2.43492    -494.27932     594.81863
   761.0000  146    1     -495.36531      10.92529        2.40198    -495.19671     600.32027
   762.0000  146    1     -495.39794      10.76806        2.39665    -495.34518     592.49318
   763.0000  146    1     -494.57087      12.45962        2.40066    -495.23348     578.31792
   764.0000  146    1     -495.79266      11.63599        2.41686    -494.78233     614.14602
   765.0000  146    1     -496.05987      10.97237        2.36703    -496.17017     576.65223
   766.0000  146    1     -496.15056      11.71054        2.36192    -496.31263     559.66846
   767.0000  146    1     -495.46154      11.50195        2.37622    -495.91420     570.23125
   768.0000  146    1     -495.28302      10.34421        2.39865    -495.28932     597.91801
   769.0000  146    1     -494.87231      11.96738        2.40663    -495.06722     592.76013
   770.0000  146    1     -494.87624      11.33828        2.40753    -495.04212     592.97521
   771.0000  146    1     -493.97346      10.85761        2.42643    -494.51566     589.52620
   772.0000  146    1     -494.73010      11.82644        2.43042    -494.40463     605.09124
   773.0000  146    1     -494.61652      10.25677        2.42282    -494.61630     605.02685
   774.0000  146    1     -495.32182      11.73603        2.40817    -495.02426     594.45117
   775.0000  146    1     -495.99081      10.04991        2.38812    -495.58283     586.72919
   776.0000  146    1     -495.65470      11.68644        2.37858    -495.84848     580.21490
   777.0000  146    1     -495.14275      10.61047        2.40405    -495.13900     594.18041
   778.0000  146    1     -493.82997      11.07422        2.42309    -494.60873     587.11612
   779.0000  146    1     -494.41429      11.48469        2.44219    -494.07673     616.01921
   780.0000  146    1     -494.77383      10.86964        2.43109    -494.38580     598.70750
   781.0000  146    1     -494.63229      11.67716        2.40480    -495.11808     592.21757
   782.0000  146    1     -493.81681      10.94578        2.42535    -494.54583     593.77419
   783.0000  146    1     -494.39151      11.04564        2.44833    -493.90576     600.38625
   784.0000  146    1     -495.01714       9.83501        2.42979    -494.42196     589.03179
   785.0000  146    1     -494.07334      11.08733        2.42710    -494.49690     566.56999
   786.0000  146    1     -493.41861      12.51051        2.44783    -493.91952     625.05645
   787.0000  146    1     -494.86454      11.47812        2.44423    -494.01979     606.43713
   788.0000  146    1     -494.47859      11.55488        2.42280    -494.61673     581.08743
   789.0000  146    1     -494.46003      11.02805        2.42796    -494.47297     590.97563
   790.0000  146    1     -494.85329      11.54886        2.41668    -494.78714     579.02939
   791.0000  146    1     -493.54071      11.01051        2.44538    -493.98783     616.54687
   792.0000  146    1     -494.16626      10.97076        2.45589    -493.69523     608.23682
   793.0000  146    1     -495.14648      11.54377        2.41468    -494.84307     579.41863
   794.0000  146    1     -495.84597      10.19853        2.40268    -495.17733     566.41827
   795.0000  146    1     -495.47437      11.34169        2.38941    -495.54681     601.41409
   796.0000  146    1     -495.01077      10.93855        2.39670    -495.34363     606.91532
   797.0000  146    1     -494.49605      11.02702        2.42465    -494.56518     616.96418
   798.0000  146    1     -494.53746      11.87734        2.42021    -494.68882     592.70899
   799.0000  146    1     -494.96071      11.45760        2.41160    -494.92872     595.73380
   800.0000  146    1     -495.09238      10.27542        2.41029    -494.96518     590.56858
   801.0000  146    1     -494.18779      11.74153        2.43033    -494.40708     606.43804
   802.0000  146    1     -494.12998      11.48449        2.44272    -494.06199     594.32520
   803.0000  146    1     -493.15561      12.45865        2.45838    -493.62579     610.92020
   804.0000  146    1     -493.08623      10.94945        2.47932    -493.04250     620.78714
   805.0000  146    1     -492.93186      12.86625        2.47518    -493.15778     620.66944
   806.0000  146    1     -493.77012      11.97926        2.47076    -493.28096     622.36653
   807.0000  146    1     -492.60157      12.09048        2.46369    -493.47783     659.32761
   808.0000  146    1     -493.07230      12.03451        2.48138    -492.98519     636.98531
   809.0000  146    1     -492.24967      12.11828        2.49014    -492.74110     634.08302
   810.0000  146    1     -492.50992      11.82946        2.48800    -492.80062     642.81301
   811.0000  146    1     -493.21936      12.36530        2.48286    -492.94394     638.63223
   812.0000  146    1     -491.76265      12.96174        2.51000    -492.18791     638.96506
   813.0000  146    1     -492.35588      11.18170        2.49746    -492.53731     631.76262
   814.0000  146    1     -492.26206      11.91745        2.51439    -492.06581     638.79388
   815.0000  146    1     -491.04120      12.61477        2.52834    -491.67711     666.64058
   816.0000  146    1     -491.64838      12.31310        2.54559    -491.19664     669.64877
   817.0000  146    1     -491.27764      12.93016        2.54261    -491.27962     650.70185
   818.0000  146    1     -491.66006      11.72042        2.55253    -491.00333     654.39958
   819.0000  146    1     -491.88073      10.94531        2.51293    -492.10637     639.91248
   820.0000  146    1     -491.21637      12.65113        2.53632    -491.45494     617.20715
   821.0000  146    1     -491.61412      12.02439        2.55283    -490.99498     665.54952
   822.0000  146    1     -491.13527      11.93686        2.54081    -491.32979     651.84490
   823.0000  146    1     -491.21744      12.63682        2.56039    -490.78449     683.68596
   824.0000  146    1     -491.46779      12.99135        2.54346    -491.25605     668.37635
   825.0000  146    1     -492.16273      12.50118        2.52827    -491.67917     657.84364
   826.0000  146    1     -492.98693      11.32159        2.49734    -492.54064     630.08429
   827.0000  146    1     -493.02953      11.50575        2.47343    -493.20667     588.89545
   828.0000  146    1     -493.78350      10.54174        2.47456    -493.17498     612.00724
   829.0000  146    1     -493.92830      10.55956        2.44081    -494.11516     593.00809
   830.0000  146    1     -493.96608      11.61035        2.44611    -493.96762     597.98681
   831.0000  146    1     -493.69707      11.33264        2.45328    -493.76773     597.87164
   832.0000  146    1     -494.04086      10.55652        2.44166    -494.09141     596.67670
   833.0000  146    1     -493.75872      11.52154        2.46617    -493.40865     597.93813
   834.0000  146    1     -492.69504      12.26305        2.48626    -492.84908     624.55278
   835.0000  146    1     -493.22533      10.49058        2.48791    -492.80319     627.70285
   836.0000  146    1     -492.97754      11.54732        2.47130    -493.26601     587.70074
   837.0000  146    1     -491.76528      10.72544        2.49732    -492.54118     590.10953
   838.0000  146    1     -492.09720      12.40283        2.51736    -491.98307     622.37670
   839.0000  146    1     -490.60818      11.44698        2.54395    -491.24241     637.75243
   840.0000  146    1     -491.43945      11.97901        2.55142    -491.03437     636.60375
   841.0000  146    1     -492.64999      11.26408        2.53002    -491.63036     637.11898
   842.0000  146    1     -493.13059      11.47570        2.47785    -493.08343     609.77999
   843.0000  146    1     -492.79937      11.64825        2.48128    -492.98804     611.60517
   844.0000  146    1     -493.24118      11.81518        2.48126    -492.98850     634.44400
   845.0000  146    1     -492.74862      12.21143        2.48479    -492.89019     632.25823
   846.0000  146    1     -491.76572      11.73513        2.50927    -492.20822     640.63476
   847.0000  146    1     -490.96931      13.39699        2.53916    -491.37565     675.45439
   848.0000  146    1     -491.37303      13.22705        2.55261    -491.00123     697.90004
   849.0000  146    1     -492.46345      11.89610        2.52494    -491.77170     652.79897
   850.0000  146    1     -492.46914      11.64404        2.49052    -492.73067     636.24063
   851.0000  146    1     -492.48426      11.11625        2.49329    -492.65344     644.72743
   852.0000  146    1     -493.37737      12.16107        2.49975    -492.47347     620.37224
   853.0000  146    1     -492.25692      11.58674        2.49093    -492.71909     629.13288
   854.0000  146    1     -491.68167      11.94544        2.51837    -491.95488     634.76161
   855.0000  146    1     -492.23964      13.16787        2.51856    -491.94966     639.08613
   856.0000  146    1     -493.33682      11.62535        2.49570    -492.58635     626.84273
   857.0000  146    1     -494.43391      11.80568        2.44287    -494.05789     595.00219
   858.0000  146    1     -494.43763      12.01105        2.42253    -494.62428     589.00014
   859.0000  146    1     -494.45588      11.59279        2.42211    -494.63611     605.80445
   860.0000  146    1     -492.62801      12.57107        2.46469    -493.45005     632.06667
   861.0000  146    1     -491.72656      12.32329        2.50857    -492.22766     650.90642
   862.0000  146    1     -490.51449      13.03856        2.54620    -491.17954     650.07893
   863.0000  146    1     -491.29803      13.78644        2.54720    -491.15178     662.05204
   864.0000  146    1     -492.08301      11.21120        2.54660    -491.16843     659.80832
   865.0000  146    1     -492.38878      11.21125        2.50566    -492.30893     635.89173
   866.0000  146    1     -492.43555      12.57078        2.50700    -492.27151     645.46177
   867.0000  146    1     -492.04626      12.42813        2.51292    -492.10658     638.79405
   868.0000  146    1     -491.68382      11.71807        2.51896    -491.93837     642.55724
   869.0000  146    1     -491.50265      12.23443        2.52879    -491.66447     655.10299
   870.0000  146    1     -491.51260      11.93017        2.52637    -491.73199     624.07684
   871.0000  146    1     -491.59198      12.36369        2.54163    -491.30693     653.84319
   872.0000  146    1     -490.98042      12.53911        2.53570    -491.47207     658.30281
   873.0000  146    1     -491.70598      11.64433        2.54617    -491.18060     656.72548
   874.0000  146    1     -492.05411      11.25824        2.53749    -491.42238     654.73946
   875.0000  146    1     -493.71664      11.30974        2.49485    -492.60994     635.93028
   876.0000  146    1     -493.57031      11.36597        2.45067    -493.84040     622.31878
   877.0000  146    1     -494.26749      11.46303        2.45286    -493.77950     606.01247
   878.0000  146    1     -495.83166      10.08839        2.39458    -495.40271     550.86331
   879.0000  146    1     -495.41110      11.77346        2.38865    -495.56807     556.48581
   880.0000  146    1     -494.79150      10.47302        2.41488    -494.83734     566.78608
   881.0000  146    1     -494.78052      11.10587        2.42072    -494.67463     594.39556
   882.0000  146    1     -494.20399      10.82593        2.43209    -494.35806     587.16089
   883.0000  146    1     -494.37453      10.56251        2.42978    -494.42239     584.74726
   884.0000  146    1     -493.78544      11.12719        2.43709    -494.21884     591.41773
   885.0000  146    1     -493.52172      11.28316        2.45516    -493.71548     595.66964
   886.0000  146    1     -493.78142      11.07019        2.45577    -493.69852     602.83408
   887.0000  146    1     -493.76520      10.74725        2.45387    -493.75124     604.91574
   888.0000  146    1     -492.58523      10.98434        2.47816    -493.07475     590.38585
   889.0000  146    1     -493.48940      11.06823        2.49197    -492.69021     618.45144
   890.0000  146    1     -493.68956      10.89778        2.45874    -493.61562     583.70001
   891.0000  146    1     -494.30920      11.66986        2.45427    -493.74036     600.93960
   892.0000  146    1     -494.23109      11.07951        2.44435    -494.01647     579.72061
   893.0000  146    1     -494.26429      11.21615        2.44382    -494.03125     591.79470
   894.0000  146    1     -494.60053      11.40978        2.42900    -494.44397     595.54629
   895.0000  146    1     -495.26869      10.00470        2.40173    -495.20373     583.32110
   896.0000  146    1     -495.52809      10.78438        2.40186    -495.20003     580.23575
   897.0000  146    1     -495.01792      11.05363        2.40540    -495.10137     574.89659
   898.0000  146    1     -495.61392      10.63842        2.40122    -495.21792     588.39573
   899.0000  146    1     -495.25773      10.60223        2.39662    -495.34611     568.08034
   900.0000  146    1     -495.70212       9.67508        2.38582    -495.64672     560.44703
   901.0000  146    1     -495.61580      10.22470        2.35901    -496.39367     541.72758
   902.0000  146    1     -495.00972      10.83870        2.39625    -495.35627     572.26305
   903.0000  146    1     -494.48424      11.34317        2.42064    -494.67681     578.72150
   904.0000  146    1     -494.70389      11.22142        2.41588    -494.80939     582.42955
   905.0000  146    1     -494.12792      12.11794        2.43193    -494.36242     579.96884
   906.0000  146    1     -493.96509      10.48796        2.45442    -493.73604     604.54334
   907.0000  146    1     -492.87719      12.01376        2.46638    -493.40303     618.48289
   908.0000  146    1     -493.04048      11.15495        2.47853    -493.06445     611.83993
   909.0000  146    1     -491.70982      11.87423        2.50288    -492.38633     645.32985
   910.0000  146    1     -492.36184      11.04352        2.52651    -491.72812     634.53789
   911.0000  146    1     -491.92655      11.31440        2.49791    -492.52476     608.14035
   912.0000  146    1     -492.42372      11.41442        2.51302    -492.10391     634.22259
   913.0000  146    1     -492.01895      12.90352        2.51220    -492.12666     633.82370
   914.0000  146    1     -492.23798      12.65877        2.51327    -492.09694     659.22664
   915.0000  146    1     -491.55036      12.30273        2.52247    -491.84065     635.07780
   916.0000  146    1     -493.39615      12.05578        2.50355    -492.36755     626.55616
   917.0000  146    1     -494.39557      10.06372        2.46208    -493.52265     595.38395
   918.0000  146    1     -494.50903      11.54003        2.42685    -494.50408     580.92359
   919.0000  146    1     -495.74358      11.55123        2.40003    -495.25097     584.79881
   920.0000  146    1     -496.35644      10.81525        2.36604    -496.19785     562.33968
   921.0000  146    1     -496.65857      10.36866        2.36210    -496.30760     563.82835
   922.0000  146    1     -496.33129      10.78403        2.33672    -497.01442     555.99443
   923.0000  146    1     -496.27791      11.25824        2.34900    -496.67249     556.48444
   924.0000  146    1     -495.29825      12.73060        2.37922    -495.83051     587.74670
   925.0000  146    1     -496.43960      10.13194        2.37105    -496.05806     575.54797
   926.0000  146    1     -496.27598       9.95756        2.36653    -496.18402     562.97997
   927.0000  146    1     -495.31384      10.98308        2.38543    -495.65777     575.29307
   928.0000  146    1     -495.33541      11.22914        2.39456    -495.40347     569.16143
   929.0000  146    1     -493.91139      10.18604        2.43096    -494.38947     583.64207
   930.0000  146    1     -494.39308      12.22862        2.43686    -494.22505     593.92943
   931.0000  146    1     -493.66716      11.80784        2.44396    -494.02739     594.85220
   932.0000  146    1     -493.49200      12.18049        2.46287    -493.50080     603.78223
   933.0000  146    1     -493.87404      11.36474        2.44390    -494.02895     590.26965
   934.0000  146    1     -493.06444      11.60812        2.45593    -493.69397     607.32436
   935.0000  146    1     -493.78105      10.72218        2.46014    -493.57679     616.25158
   936.0000  146    1     -493.16887      11.43299        2.44916    -493.88250     599.79867
   937.0000  146    1     -492.48300      11.40661        2.49526    -492.59844     637.59814
   938.0000  146    1     -492.36322      13.16605        2.50274    -492.39008     648.99575
   939.0000  146    1     -492.91587      11.82834        2.49257    -492.67333     618.23965
   940.0000  146    1     -492.88009      11.30089        2.49473    -492.61321     617.48855
   941.0000  146    1     -494.04329       9.81318        2.45527    -493.71244     588.76217
   942.0000  146    1     -492.99688      11.76424        2.46832    -493.34879     617.85854
   943.0000  146    1     -493.64524      11.09843        2.48523    -492.87801     626.26350
   944.0000  146    1     -493.21276      11.66684        2.47029    -493.29411     594.50985
   945.0000  146    1     -492.63162      12.32680        2.48895    -492.77421     614.76660
   946.0000  146    1     -493.17027      12.01173        2.47932    -493.04250     626.58846
   947.0000  146    1     -491.81439      11.61425        2.49193    -492.69130     617.94638
   948.0000  146    1     -492.89697      12.15074        2.52067    -491.89074     627.00705
   949.0000  146    1     -492.35317      11.44007        2.48393    -492.91397     608.72023
   950.0000  146    1     -492.93705      11.53025        2.49684    -492.55454     608.04128
   951.0000  146    1     -491.87912      11.38715        2.49295    -492.66278     615.56850
   952.0000  146    1     -492.33650      12.42357        2.51853    -491.95039     616.68730
   953.0000  146    1     -492.36255      11.68077        2.49770    -492.53055     627.94351
   954.0000  146    1     -493.39476      10.39483        2.49057    -492.72903     597.66534
   955.0000  146    1     -493.46938      10.84962        2.44934    -493.87742     570.78465
   956.0000  146    1     -493.27715      11.53590        2.44648    -493.95710     571.61124
   957.0000  146    1     -493.93240      11.73314        2.45939    -493.59760     573.64986
   958.0000  146    1     -494.36612      10.06368        2.43283    -494.33738     588.30105
   959.0000  146    1     -493.73700      11.54221        2.45563    -493.70237     600.67938
   960.0000  146    1     -494.24529      11.75659        2.43253    -494.34565     603.97361
   961.0000  146    1     -494.70388      10.97507        2.42987    -494.41979     588.73115
   962.0000  146    1     -493.48283      11.14667        2.44804    -493.91386     595.05640
   963.0000  146    1     -491.72593      13.49144        2.49694    -492.55171     629.64122
   964.0000  146    1     -492.29391      11.99414        2.51088    -492.16354     652.46561
   965.0000  146    1     -492.67415      11.42156        2.50192    -492.41304     626.11156
   966.0000  146    1     -491.70475      12.88354        2.49909    -492.49196     635.99317
   967.0000  146    1     -492.09043      13.21334        2.52629    -491.73436     665.87729
   968.0000  146    1     -491.55733      11.92179        2.54422    -491.23494     655.76373
   969.0000  146    1     -491.97956      10.88982        2.52371    -491.80618     610.17157
   970.0000  146    1     -491.31191      12.20463        2.52506    -491.76855     630.88460
   971.0000  146    1     -492.03341      11.46942        2.53159    -491.58660     636.92884
   972.0000  146    1     -491.22501      12.64740        2.52915    -491.65461     627.09815
   973.0000  146    1     -492.03957      12.03744        2.53360    -491.53058     632.80923
   974.0000  146    1     -492.60830      11.25819        2.51706    -491.99136     609.42053
   975.0000  146    1     -493.31789      11.46550        2.48001    -493.02333     603.14673
   976.0000  146    1     -493.42702      11.66582        2.45718    -493.65932     597.69466
   977.0000  146    1     -493.92215      10.07531        2.43675    -494.22825     580.59528
   978.0000  146    1     -494.40463      11.26255        2.43125    -494.38155     575.35237
   979.0000  146    1     -493.53706      10.83550        2.45101    -493.83104     612.62685
   980.0000  146    1     -495.36262      11.12309        2.42139    -494.65607     588.16076
   981.0000  146    1     -495.40985      10.53705        2.39372    -495.42682     589.20835
   982.0000  146    1     -494.64827      11.19185        2.40981    -494.97862     593.59033
   983.0000  146    1     -496.22788      10.92343        2.40479    -495.11839     606.41630
   984.0000  146    1     -496.72209      11.08303        2.35295    -496.56225     572.90068
   985.0000  146    1     -496.20639      10.89166        2.36128    -496.33044     592.65511
   986.0000  146    1     -495.89425      10.92129        2.37980    -495.81458     576.91882
   987.0000  146    1     -496.20671      10.83487        2.37614    -495.91635     591.43595
   988.0000  146    1     -495.78073      11.36706        2.37649    -495.90672     574.22520
   989.0000  146    1     -495.23276      11.27395        2.40507    -495.11054     581.03180
   990.0000  146    1     -495.45680      10.61786        2.41613    -494.80252     598.49311
   991.0000  146    1     -495.21242      11.04310        2.40031    -495.24320     586.18226
   992.0000  146    1     -494.71050      12.21461        2.41160    -494.92872     605.77886
   993.0000  146    1     -494.93608      10.50637        2.42803    -494.47109     617.60205
   994.0000  146    1     -494.76107      11.11101        2.41844    -494.73814     576.85758
   995.0000  146    1     -494.35887      12.02365        2.43322    -494.32644     591.22915
   996.0000  146    1     -494.34918      11.08442        2.43391    -494.30740     590.03826
   997.0000  146    1     -494.02109      10.00132        2.44548    -493.98507     577.87853
   998.0000  146    1     -494.39996      10.04320        2.44103    -494.10904     593.29203
   999.0000  146    1     -493.83698      11.14504        2.43706    -494.21952     590.11728
  1000.0000  146    1     -493.42363      10.72215        2.45367    -493.75702     592.26072
