

      _____         _____  _____  _    _ _____ _____  ______
     / ____|  /\   |  __ \|  __ \| |  | |_   _|  __ \|  ____|
    | (___   /  \  | |__) | |__) | |__| | | | | |__) | |__
     \___ \ / /\ \ |  ___/|  ___/|  __  | | | |  _  /|  __|
     ____) / ____ \| |    | |    | |  | |_| |_| | \ \| |____
    |_____/_/    \_\_|    |_|    |_|  |_|_____|_|  \_\______|


                              ____
                             /\__/                            /_/  \_                            \ \__/ /
                             \/__\/

                
Exception raised while computing Homo CoM Distances was: 
'NoneType' object is not subscriptable
Exception raised while computing Homo CoM Distances was: 
'NoneType' object is not subscriptable
Exception raised while computing homo pair distances: 
object of type 'NoneType' has no len()
Exception raised while computing hetero pair distances: 
'Hetero'
Exception raised while computing Homo CoM Distances was: 
'NoneType' object is not subscriptable
Exception raised while computing Homo CoM Distances was: 
'NoneType' object is not subscriptable
Exception raised while computing hetero pair distances: 
'Hetero'
Exception raised while computing Homo CoM Distances was: 
'NoneType' object is not subscriptable
Exception raised while computing hetero pair distances: 
'Hetero'
Exception raised while computing Homo CoM Distances was: 
'NoneType' object is not subscriptable
Exception raised while computing hetero pair distances: 
'Hetero'
Exception raised while computing Homo CoM Distances was: 
'NoneType' object is not subscriptable
Exception raised while computing hetero pair distances: 
'Hetero'
Exception raised while computing Homo CoM Distances was: 
'NoneType' object is not subscriptable
Exception raised while computing hetero pair distances: 
'Hetero'
Exception raised while computing Homo CoM Distances was: 
'NoneType' object is not subscriptable
Exception raised while computing hetero pair distances: 
'Hetero'
Exception raised while computing Homo CoM Distances was: 
'NoneType' object is not subscriptable
Exception raised while computing hetero pair distances: 
'Hetero'
Exception raised while computing Homo CoM Distances was: 
'NoneType' object is not subscriptable
Exception raised while computing hetero pair distances: 
'Hetero'
Exception raised while computing Homo CoM Distances was: 
'NoneType' object is not subscriptable
Exception raised while computing hetero pair distances: 
'Hetero'
Exception raised while computing Homo CoM Distances was: 
'NoneType' object is not subscriptable
Exception raised while computing hetero pair distances: 
'Hetero'
Exception raised while computing Homo CoM Distances was: 
'NoneType' object is not subscriptable
Exception raised while computing hetero pair distances: 
'Hetero'
Exception raised while computing Homo CoM Distances was: 
'NoneType' object is not subscriptable
Exception raised while computing hetero pair distances: 
'Hetero'